<?xml version="1.0" encoding="UTF-8"?>
<!-- Generated by org.testng.reporters.JUnitReportReporter -->
<testsuite hostname="DESKTOP-OGMET0T" failures="0" tests="2" name="com.restassured.negativetestcases.NegativeTestCases" time="2.737" errors="0" timestamp="9 Nov 2020 06:10:53 GMT">
  <testcase classname="com.restassured.negativetestcases.NegativeTestCases" name="testStatusNotFoundCountryAPI" time="2.211"/>
  <testcase classname="com.restassured.negativetestcases.NegativeTestCases" name="testStatusNotFoundCountryCodeAPI" time="0.526"/>
</testsuite> <!-- com.restassured.negativetestcases.NegativeTestCases -->
